<?xml version="1.0" encoding="UTF-8"?>
<!-- Generated by org.testng.reporters.JUnitReportReporter -->
<testsuite hostname="MacBook-Pro.local" failures="0" tests="1" name="org.example.testRunner.Runner" time="12.326" errors="0" timestamp="2023-04-08T00:11:34 EET" skipped="0">
  <testcase classname="org.example.testRunner.Runner" name="runScenario" time="12.326"/>
  <system-out/>
</testsuite> <!-- org.example.testRunner.Runner -->
